# JRE version: Java(TM) SE Runtime Environment (23.0.1+11) (build 23.0.1+11-39)
# Java VM: Java HotSpot(TM) 64-Bit Server VM (23.0.1+11-39, mixed mode, emulated-client, sharing, tiered, compressed oops, compressed class ptrs, g1 gc, linux-amd64)
GC Precious Log:
 CardTable entry size: 512
 Card Set container configuration: InlinePtr #cards 4 size 8 Array Of Cards #cards 16 size 48 Howl #buckets 8 coarsen threshold 3686 Howl Bitmap #cards 512 size 80 coarsen threshold 460 Card regions per heap region 1 cards per card region 4096
 CPUs: 8 total, 8 available
 Memory: 15915M
 Large Page Support: Disabled
 NUMA Support: Disabled
 Compressed Oops: Enabled (Zero based)
 Heap Region Size: 2M
 Heap Min Capacity: 8M
 Heap Initial Capacity: 250M
 Heap Max Capacity: 3980M
 Pre-touch: Disabled
 Parallel Workers: 8
 Concurrent Workers: 2
 Concurrent Refinement Workers: 8
 Periodic GC: Disabled
Heap:
 garbage-first heap   total reserved 4075520K, committed 804864K, used 492114K [0x0000000707400000, 0x0000000800000000)
  region size 2048K, 138 young (282624K), 26 survivors (53248K)
 Metaspace       used 97251K, committed 98816K, reserved 1179648K
  class space    used 14956K, committed 15680K, reserved 1048576K
GC Heap History (20 events):
Event: 48.117 GC heap before
{Heap before GC invocations=67 (full 0):
 garbage-first heap   total reserved 4075520K, committed 804864K, used 616351K [0x0000000707400000, 0x0000000800000000)
  region size 2048K, 153 young (313344K), 5 survivors (10240K)
 Metaspace       used 96512K, committed 98048K, reserved 1179648K
  class space    used 14829K, committed 15488K, reserved 1048576K
}
Event: 48.151 GC heap after
{Heap after GC invocations=68 (full 0):
 garbage-first heap   total reserved 4075520K, committed 804864K, used 348160K [0x0000000707400000, 0x0000000800000000)
  region size 2048K, 20 young (40960K), 20 survivors (40960K)
 Metaspace       used 96512K, committed 98048K, reserved 1179648K
  class space    used 14829K, committed 15488K, reserved 1048576K
}
Event: 49.576 GC heap before
{Heap before GC invocations=68 (full 0):
 garbage-first heap   total reserved 4075520K, committed 804864K, used 653312K [0x0000000707400000, 0x0000000800000000)
  region size 2048K, 166 young (339968K), 20 survivors (40960K)
 Metaspace       used 97068K, committed 98624K, reserved 1179648K
  class space    used 14912K, committed 15616K, reserved 1048576K
}
Event: 49.615 GC heap after
{Heap after GC invocations=69 (full 0):
 garbage-first heap   total reserved 4075520K, committed 804864K, used 293742K [0x0000000707400000, 0x0000000800000000)
  region size 2048K, 21 young (43008K), 21 survivors (43008K)
 Metaspace       used 97068K, committed 98624K, reserved 1179648K
  class space    used 14912K, committed 15616K, reserved 1048576K
}
Event: 51.374 GC heap before
{Heap before GC invocations=69 (full 0):
 garbage-first heap   total reserved 4075520K, committed 804864K, used 631662K [0x0000000707400000, 0x0000000800000000)
  region size 2048K, 186 young (380928K), 21 survivors (43008K)
 Metaspace       used 97068K, committed 98624K, reserved 1179648K
  class space    used 14912K, committed 15616K, reserved 1048576K
}
Event: 51.415 GC heap after
{Heap after GC invocations=70 (full 0):
 garbage-first heap   total reserved 4075520K, committed 804864K, used 300977K [0x0000000707400000, 0x0000000800000000)
  region size 2048K, 22 young (45056K), 22 survivors (45056K)
 Metaspace       used 97068K, committed 98624K, reserved 1179648K
  class space    used 14912K, committed 15616K, reserved 1048576K
}
Event: 53.163 GC heap before
{Heap before GC invocations=71 (full 0):
 garbage-first heap   total reserved 4075520K, committed 804864K, used 618417K [0x0000000707400000, 0x0000000800000000)
  region size 2048K, 186 young (380928K), 22 survivors (45056K)
 Metaspace       used 97068K, committed 98624K, reserved 1179648K
  class space    used 14912K, committed 15616K, reserved 1048576K
}
Event: 53.211 GC heap after
{Heap after GC invocations=72 (full 0):
 garbage-first heap   total reserved 4075520K, committed 804864K, used 286214K [0x0000000707400000, 0x0000000800000000)
  region size 2048K, 24 young (49152K), 24 survivors (49152K)
 Metaspace       used 97068K, committed 98624K, reserved 1179648K
  class space    used 14912K, committed 15616K, reserved 1048576K
}
Event: 55.175 GC heap before
{Heap before GC invocations=72 (full 0):
 garbage-first heap   total reserved 4075520K, committed 804864K, used 644614K [0x0000000707400000, 0x0000000800000000)
  region size 2048K, 196 young (401408K), 24 survivors (49152K)
 Metaspace       used 97068K, committed 98624K, reserved 1179648K
  class space    used 14912K, committed 15616K, reserved 1048576K
}
Event: 55.221 GC heap after
{Heap after GC invocations=73 (full 0):
 garbage-first heap   total reserved 4075520K, committed 804864K, used 245371K [0x0000000707400000, 0x0000000800000000)
  region size 2048K, 24 young (49152K), 24 survivors (49152K)
 Metaspace       used 97068K, committed 98624K, reserved 1179648K
  class space    used 14912K, committed 15616K, reserved 1048576K
}
Event: 57.053 GC heap before
{Heap before GC invocations=73 (full 0):
 garbage-first heap   total reserved 4075520K, committed 804864K, used 618107K [0x0000000707400000, 0x0000000800000000)
  region size 2048K, 206 young (421888K), 24 survivors (49152K)
 Metaspace       used 97068K, committed 98624K, reserved 1179648K
  class space    used 14912K, committed 15616K, reserved 1048576K
}
Event: 57.099 GC heap after
{Heap after GC invocations=74 (full 0):
 garbage-first heap   total reserved 4075520K, committed 804864K, used 249206K [0x0000000707400000, 0x0000000800000000)
  region size 2048K, 24 young (49152K), 24 survivors (49152K)
 Metaspace       used 97068K, committed 98624K, reserved 1179648K
  class space    used 14912K, committed 15616K, reserved 1048576K
}
Event: 64.106 GC heap before
{Heap before GC invocations=75 (full 0):
 garbage-first heap   total reserved 4075520K, committed 804864K, used 632182K [0x0000000707400000, 0x0000000800000000)
  region size 2048K, 208 young (425984K), 24 survivors (49152K)
 Metaspace       used 97068K, committed 98624K, reserved 1179648K
  class space    used 14912K, committed 15616K, reserved 1048576K
}
Event: 64.164 GC heap after
{Heap after GC invocations=76 (full 0):
 garbage-first heap   total reserved 4075520K, committed 804864K, used 259449K [0x0000000707400000, 0x0000000800000000)
  region size 2048K, 26 young (53248K), 26 survivors (53248K)
 Metaspace       used 97068K, committed 98624K, reserved 1179648K
  class space    used 14912K, committed 15616K, reserved 1048576K
}
Event: 120.337 GC heap before
{Heap before GC invocations=76 (full 0):
 garbage-first heap   total reserved 4075520K, committed 804864K, used 642425K [0x0000000707400000, 0x0000000800000000)
  region size 2048K, 210 young (430080K), 26 survivors (53248K)
 Metaspace       used 97141K, committed 98752K, reserved 1179648K
  class space    used 14931K, committed 15680K, reserved 1048576K
}
Event: 120.404 GC heap after
{Heap after GC invocations=77 (full 0):
 garbage-first heap   total reserved 4075520K, committed 804864K, used 254965K [0x0000000707400000, 0x0000000800000000)
  region size 2048K, 27 young (55296K), 27 survivors (55296K)
 Metaspace       used 97141K, committed 98752K, reserved 1179648K
  class space    used 14931K, committed 15680K, reserved 1048576K
}
Event: 122.350 GC heap before
{Heap before GC invocations=77 (full 0):
 garbage-first heap   total reserved 4075520K, committed 804864K, used 637941K [0x0000000707400000, 0x0000000800000000)
  region size 2048K, 214 young (438272K), 27 survivors (55296K)
 Metaspace       used 97141K, committed 98752K, reserved 1179648K
  class space    used 14931K, committed 15680K, reserved 1048576K
}
Event: 122.426 GC heap after
{Heap after GC invocations=78 (full 0):
 garbage-first heap   total reserved 4075520K, committed 804864K, used 259442K [0x0000000707400000, 0x0000000800000000)
  region size 2048K, 27 young (55296K), 27 survivors (55296K)
 Metaspace       used 97141K, committed 98752K, reserved 1179648K
  class space    used 14931K, committed 15680K, reserved 1048576K
}
Event: 133.226 GC heap before
{Heap before GC invocations=79 (full 0):
 garbage-first heap   total reserved 4075520K, committed 804864K, used 646514K [0x0000000707400000, 0x0000000800000000)
  region size 2048K, 214 young (438272K), 27 survivors (55296K)
 Metaspace       used 97249K, committed 98816K, reserved 1179648K
  class space    used 14955K, committed 15680K, reserved 1048576K
}
Event: 133.323 GC heap after
{Heap after GC invocations=80 (full 0):
 garbage-first heap   total reserved 4075520K, committed 804864K, used 258642K [0x0000000707400000, 0x0000000800000000)
  region size 2048K, 26 young (53248K), 26 survivors (53248K)
 Metaspace       used 97249K, committed 98816K, reserved 1179648K
  class space    used 14955K, committed 15680K, reserved 1048576K
}

