# JRE version: Java(TM) SE Runtime Environment (23.0.1+11) (build 23.0.1+11-39)
# Java VM: Java HotSpot(TM) 64-Bit Server VM (23.0.1+11-39, mixed mode, emulated-client, sharing, tiered, compressed oops, compressed class ptrs, g1 gc, linux-amd64)
Heap:
 garbage-first heap   total reserved 4075520K, committed 165888K, used 79548K [0x0000000707400000, 0x0000000800000000)
  region size 2048K, 11 young (22528K), 4 survivors (8192K)
 Metaspace       used 94633K, committed 95744K, reserved 1179648K
  class space    used 14429K, committed 14912K, reserved 1048576K
GC Heap History (20 events):
Event: 9.948 GC heap before
{Heap before GC invocations=25 (full 0):
 garbage-first heap   total reserved 4075520K, committed 137216K, used 125106K [0x0000000707400000, 0x0000000800000000)
  region size 2048K, 37 young (75776K), 1 survivors (2048K)
 Metaspace       used 77255K, committed 78016K, reserved 1179648K
  class space    used 11574K, committed 11904K, reserved 1048576K
}
Event: 9.950 GC heap after
{Heap after GC invocations=26 (full 0):
 garbage-first heap   total reserved 4075520K, committed 137216K, used 53317K [0x0000000707400000, 0x0000000800000000)
  region size 2048K, 2 young (4096K), 2 survivors (4096K)
 Metaspace       used 77255K, committed 78016K, reserved 1179648K
  class space    used 11574K, committed 11904K, reserved 1048576K
}
Event: 10.091 GC heap before
{Heap before GC invocations=26 (full 0):
 garbage-first heap   total reserved 4075520K, committed 137216K, used 118853K [0x0000000707400000, 0x0000000800000000)
  region size 2048K, 34 young (69632K), 2 survivors (4096K)
 Metaspace       used 77302K, committed 78144K, reserved 1179648K
  class space    used 11592K, committed 11968K, reserved 1048576K
}
Event: 10.095 GC heap after
{Heap after GC invocations=27 (full 0):
 garbage-first heap   total reserved 4075520K, committed 137216K, used 56722K [0x0000000707400000, 0x0000000800000000)
  region size 2048K, 4 young (8192K), 4 survivors (8192K)
 Metaspace       used 77302K, committed 78144K, reserved 1179648K
  class space    used 11592K, committed 11968K, reserved 1048576K
}
Event: 10.240 GC heap before
{Heap before GC invocations=27 (full 0):
 garbage-first heap   total reserved 4075520K, committed 137216K, used 118162K [0x0000000707400000, 0x0000000800000000)
  region size 2048K, 34 young (69632K), 4 survivors (8192K)
 Metaspace       used 77303K, committed 78144K, reserved 1179648K
  class space    used 11592K, committed 11968K, reserved 1048576K
}
Event: 10.243 GC heap after
{Heap after GC invocations=28 (full 0):
 garbage-first heap   total reserved 4075520K, committed 137216K, used 54079K [0x0000000707400000, 0x0000000800000000)
  region size 2048K, 1 young (2048K), 1 survivors (2048K)
 Metaspace       used 77303K, committed 78144K, reserved 1179648K
  class space    used 11592K, committed 11968K, reserved 1048576K
}
Event: 10.402 GC heap before
{Heap before GC invocations=29 (full 0):
 garbage-first heap   total reserved 4075520K, committed 137216K, used 121663K [0x0000000707400000, 0x0000000800000000)
  region size 2048K, 34 young (69632K), 1 survivors (2048K)
 Metaspace       used 77305K, committed 78144K, reserved 1179648K
  class space    used 11592K, committed 11968K, reserved 1048576K
}
Event: 10.406 GC heap after
{Heap after GC invocations=30 (full 0):
 garbage-first heap   total reserved 4075520K, committed 137216K, used 58659K [0x0000000707400000, 0x0000000800000000)
  region size 2048K, 4 young (8192K), 4 survivors (8192K)
 Metaspace       used 77305K, committed 78144K, reserved 1179648K
  class space    used 11592K, committed 11968K, reserved 1048576K
}
Event: 10.540 GC heap before
{Heap before GC invocations=30 (full 0):
 garbage-first heap   total reserved 4075520K, committed 137216K, used 118051K [0x0000000707400000, 0x0000000800000000)
  region size 2048K, 33 young (67584K), 4 survivors (8192K)
 Metaspace       used 77306K, committed 78144K, reserved 1179648K
  class space    used 11592K, committed 11968K, reserved 1048576K
}
Event: 10.543 GC heap after
{Heap after GC invocations=31 (full 0):
 garbage-first heap   total reserved 4075520K, committed 137216K, used 55506K [0x0000000707400000, 0x0000000800000000)
  region size 2048K, 2 young (4096K), 2 survivors (4096K)
 Metaspace       used 77306K, committed 78144K, reserved 1179648K
  class space    used 11592K, committed 11968K, reserved 1048576K
}
Event: 10.765 GC heap before
{Heap before GC invocations=31 (full 0):
 garbage-first heap   total reserved 4075520K, committed 137216K, used 121042K [0x0000000707400000, 0x0000000800000000)
  region size 2048K, 34 young (69632K), 2 survivors (4096K)
 Metaspace       used 77730K, committed 78464K, reserved 1179648K
  class space    used 11648K, committed 11968K, reserved 1048576K
}
Event: 10.768 GC heap after
{Heap after GC invocations=32 (full 0):
 garbage-first heap   total reserved 4075520K, committed 165888K, used 58104K [0x0000000707400000, 0x0000000800000000)
  region size 2048K, 3 young (6144K), 3 survivors (6144K)
 Metaspace       used 77730K, committed 78464K, reserved 1179648K
  class space    used 11648K, committed 11968K, reserved 1048576K
}
Event: 11.375 GC heap before
{Heap before GC invocations=33 (full 0):
 garbage-first heap   total reserved 4075520K, committed 165888K, used 144120K [0x0000000707400000, 0x0000000800000000)
  region size 2048K, 45 young (92160K), 3 survivors (6144K)
 Metaspace       used 79276K, committed 80192K, reserved 1179648K
  class space    used 11889K, committed 12288K, reserved 1048576K
}
Event: 11.379 GC heap after
{Heap after GC invocations=34 (full 0):
 garbage-first heap   total reserved 4075520K, committed 165888K, used 59106K [0x0000000707400000, 0x0000000800000000)
  region size 2048K, 3 young (6144K), 3 survivors (6144K)
 Metaspace       used 79276K, committed 80192K, reserved 1179648K
  class space    used 11889K, committed 12288K, reserved 1048576K
}
Event: 12.169 GC heap before
{Heap before GC invocations=34 (full 0):
 garbage-first heap   total reserved 4075520K, committed 165888K, used 141026K [0x0000000707400000, 0x0000000800000000)
  region size 2048K, 43 young (88064K), 3 survivors (6144K)
 Metaspace       used 83955K, committed 84800K, reserved 1179648K
  class space    used 12753K, committed 13120K, reserved 1048576K
}
Event: 12.177 GC heap after
{Heap after GC invocations=35 (full 0):
 garbage-first heap   total reserved 4075520K, committed 165888K, used 62621K [0x0000000707400000, 0x0000000800000000)
  region size 2048K, 5 young (10240K), 5 survivors (10240K)
 Metaspace       used 83955K, committed 84800K, reserved 1179648K
  class space    used 12753K, committed 13120K, reserved 1048576K
}
Event: 12.896 GC heap before
{Heap before GC invocations=35 (full 0):
 garbage-first heap   total reserved 4075520K, committed 165888K, used 144541K [0x0000000707400000, 0x0000000800000000)
  region size 2048K, 45 young (92160K), 5 survivors (10240K)
 Metaspace       used 87152K, committed 88128K, reserved 1179648K
  class space    used 13266K, committed 13696K, reserved 1048576K
}
Event: 12.904 GC heap after
{Heap after GC invocations=36 (full 0):
 garbage-first heap   total reserved 4075520K, committed 165888K, used 67017K [0x0000000707400000, 0x0000000800000000)
  region size 2048K, 5 young (10240K), 5 survivors (10240K)
 Metaspace       used 87152K, committed 88128K, reserved 1179648K
  class space    used 13266K, committed 13696K, reserved 1048576K
}
Event: 24.623 GC heap before
{Heap before GC invocations=36 (full 0):
 garbage-first heap   total reserved 4075520K, committed 165888K, used 140745K [0x0000000707400000, 0x0000000800000000)
  region size 2048K, 42 young (86016K), 5 survivors (10240K)
 Metaspace       used 94488K, committed 95680K, reserved 1179648K
  class space    used 14397K, committed 14912K, reserved 1048576K
}
Event: 24.635 GC heap after
{Heap after GC invocations=37 (full 0):
 garbage-first heap   total reserved 4075520K, committed 165888K, used 69308K [0x0000000707400000, 0x0000000800000000)
  region size 2048K, 4 young (8192K), 4 survivors (8192K)
 Metaspace       used 94488K, committed 95680K, reserved 1179648K
  class space    used 14397K, committed 14912K, reserved 1048576K
}

