# JRE version: Java(TM) SE Runtime Environment (23.0.1+11) (build 23.0.1+11-39)
# Java VM: Java HotSpot(TM) 64-Bit Server VM (23.0.1+11-39, mixed mode, emulated-client, sharing, tiered, compressed oops, compressed class ptrs, g1 gc, linux-amd64)
Heap:
 garbage-first heap   total reserved 4075520K, committed 282624K, used 132902K [0x0000000707400000, 0x0000000800000000)
  region size 2048K, 29 young (59392K), 3 survivors (6144K)
 Metaspace       used 95762K, committed 97024K, reserved 1179648K
  class space    used 14676K, committed 15232K, reserved 1048576K
GC Heap History (20 events):
Event: 11.942 GC heap before
{Heap before GC invocations=28 (full 0):
 garbage-first heap   total reserved 4075520K, committed 139264K, used 120288K [0x0000000707400000, 0x0000000800000000)
  region size 2048K, 24 young (49152K), 4 survivors (8192K)
 Metaspace       used 77246K, committed 78016K, reserved 1179648K
  class space    used 11595K, committed 11904K, reserved 1048576K
}
Event: 11.950 GC heap after
{Heap after GC invocations=29 (full 0):
 garbage-first heap   total reserved 4075520K, committed 225280K, used 88337K [0x0000000707400000, 0x0000000800000000)
  region size 2048K, 3 young (6144K), 3 survivors (6144K)
 Metaspace       used 77246K, committed 78016K, reserved 1179648K
  class space    used 11595K, committed 11904K, reserved 1048576K
}
Event: 12.186 GC heap before
{Heap before GC invocations=30 (full 0):
 garbage-first heap   total reserved 4075520K, committed 225280K, used 170257K [0x0000000707400000, 0x0000000800000000)
  region size 2048K, 43 young (88064K), 3 survivors (6144K)
 Metaspace       used 77248K, committed 78016K, reserved 1179648K
  class space    used 11595K, committed 11904K, reserved 1048576K
}
Event: 12.194 GC heap after
{Heap after GC invocations=31 (full 0):
 garbage-first heap   total reserved 4075520K, committed 225280K, used 96517K [0x0000000707400000, 0x0000000800000000)
  region size 2048K, 6 young (12288K), 6 survivors (12288K)
 Metaspace       used 77248K, committed 78016K, reserved 1179648K
  class space    used 11595K, committed 11904K, reserved 1048576K
}
Event: 12.373 GC heap before
{Heap before GC invocations=31 (full 0):
 garbage-first heap   total reserved 4075520K, committed 225280K, used 172293K [0x0000000707400000, 0x0000000800000000)
  region size 2048K, 43 young (88064K), 6 survivors (12288K)
 Metaspace       used 77249K, committed 78016K, reserved 1179648K
  class space    used 11595K, committed 11904K, reserved 1048576K
}
Event: 12.382 GC heap after
{Heap after GC invocations=32 (full 0):
 garbage-first heap   total reserved 4075520K, committed 225280K, used 98965K [0x0000000707400000, 0x0000000800000000)
  region size 2048K, 3 young (6144K), 3 survivors (6144K)
 Metaspace       used 77249K, committed 78016K, reserved 1179648K
  class space    used 11595K, committed 11904K, reserved 1048576K
}
Event: 12.650 GC heap before
{Heap before GC invocations=32 (full 0):
 garbage-first heap   total reserved 4075520K, committed 225280K, used 178837K [0x0000000707400000, 0x0000000800000000)
  region size 2048K, 42 young (86016K), 3 survivors (6144K)
 Metaspace       used 77669K, committed 78400K, reserved 1179648K
  class space    used 11651K, committed 11968K, reserved 1048576K
}
Event: 12.653 GC heap after
{Heap after GC invocations=33 (full 0):
 garbage-first heap   total reserved 4075520K, committed 225280K, used 98525K [0x0000000707400000, 0x0000000800000000)
  region size 2048K, 3 young (6144K), 3 survivors (6144K)
 Metaspace       used 77669K, committed 78400K, reserved 1179648K
  class space    used 11651K, committed 11968K, reserved 1048576K
}
Event: 13.315 GC heap before
{Heap before GC invocations=33 (full 0):
 garbage-first heap   total reserved 4075520K, committed 225280K, used 182493K [0x0000000707400000, 0x0000000800000000)
  region size 2048K, 44 young (90112K), 3 survivors (6144K)
 Metaspace       used 78859K, committed 79680K, reserved 1179648K
  class space    used 11836K, committed 12160K, reserved 1048576K
}
Event: 13.321 GC heap after
{Heap after GC invocations=34 (full 0):
 garbage-first heap   total reserved 4075520K, committed 225280K, used 100036K [0x0000000707400000, 0x0000000800000000)
  region size 2048K, 4 young (8192K), 4 survivors (8192K)
 Metaspace       used 78859K, committed 79680K, reserved 1179648K
  class space    used 11836K, committed 12160K, reserved 1048576K
}
Event: 14.166 GC heap before
{Heap before GC invocations=34 (full 0):
 garbage-first heap   total reserved 4075520K, committed 225280K, used 186052K [0x0000000707400000, 0x0000000800000000)
  region size 2048K, 46 young (94208K), 4 survivors (8192K)
 Metaspace       used 83244K, committed 84160K, reserved 1179648K
  class space    used 12660K, committed 13056K, reserved 1048576K
}
Event: 14.173 GC heap after
{Heap after GC invocations=35 (full 0):
 garbage-first heap   total reserved 4075520K, committed 225280K, used 104058K [0x0000000707400000, 0x0000000800000000)
  region size 2048K, 6 young (12288K), 6 survivors (12288K)
 Metaspace       used 83244K, committed 84160K, reserved 1179648K
  class space    used 12660K, committed 13056K, reserved 1048576K
}
Event: 15.011 GC heap before
{Heap before GC invocations=35 (full 0):
 garbage-first heap   total reserved 4075520K, committed 225280K, used 190074K [0x0000000707400000, 0x0000000800000000)
  region size 2048K, 48 young (98304K), 6 survivors (12288K)
 Metaspace       used 86468K, committed 87360K, reserved 1179648K
  class space    used 13176K, committed 13568K, reserved 1048576K
}
Event: 15.021 GC heap after
{Heap after GC invocations=36 (full 0):
 garbage-first heap   total reserved 4075520K, committed 225280K, used 108184K [0x0000000707400000, 0x0000000800000000)
  region size 2048K, 5 young (10240K), 5 survivors (10240K)
 Metaspace       used 86468K, committed 87360K, reserved 1179648K
  class space    used 13176K, committed 13568K, reserved 1048576K
}
Event: 27.024 GC heap before
{Heap before GC invocations=36 (full 0):
 garbage-first heap   total reserved 4075520K, committed 225280K, used 196248K [0x0000000707400000, 0x0000000800000000)
  region size 2048K, 48 young (98304K), 5 survivors (10240K)
 Metaspace       used 93338K, committed 94464K, reserved 1179648K
  class space    used 14249K, committed 14720K, reserved 1048576K
}
Event: 27.035 GC heap after
{Heap after GC invocations=37 (full 0):
 garbage-first heap   total reserved 4075520K, committed 282624K, used 111548K [0x0000000707400000, 0x0000000800000000)
  region size 2048K, 4 young (8192K), 4 survivors (8192K)
 Metaspace       used 93338K, committed 94464K, reserved 1179648K
  class space    used 14249K, committed 14720K, reserved 1048576K
}
Event: 360.504 GC heap before
{Heap before GC invocations=38 (full 0):
 garbage-first heap   total reserved 4075520K, committed 282624K, used 218044K [0x0000000707400000, 0x0000000800000000)
  region size 2048K, 60 young (122880K), 4 survivors (8192K)
 Metaspace       used 95554K, committed 96768K, reserved 1179648K
  class space    used 14630K, committed 15104K, reserved 1048576K
}
Event: 360.512 GC heap after
{Heap after GC invocations=39 (full 0):
 garbage-first heap   total reserved 4075520K, committed 282624K, used 107218K [0x0000000707400000, 0x0000000800000000)
  region size 2048K, 5 young (10240K), 5 survivors (10240K)
 Metaspace       used 95554K, committed 96768K, reserved 1179648K
  class space    used 14630K, committed 15104K, reserved 1048576K
}
Event: 758.365 GC heap before
{Heap before GC invocations=39 (full 0):
 garbage-first heap   total reserved 4075520K, committed 282624K, used 226002K [0x0000000707400000, 0x0000000800000000)
  region size 2048K, 63 young (129024K), 5 survivors (10240K)
 Metaspace       used 95619K, committed 96832K, reserved 1179648K
  class space    used 14641K, committed 15168K, reserved 1048576K
}
Event: 758.383 GC heap after
{Heap after GC invocations=40 (full 0):
 garbage-first heap   total reserved 4075520K, committed 282624K, used 81702K [0x0000000707400000, 0x0000000800000000)
  region size 2048K, 3 young (6144K), 3 survivors (6144K)
 Metaspace       used 95619K, committed 96832K, reserved 1179648K
  class space    used 14641K, committed 15168K, reserved 1048576K
}

