# JRE version: Java(TM) SE Runtime Environment (23.0.1+11) (build 23.0.1+11-39)
# Java VM: Java HotSpot(TM) 64-Bit Server VM (23.0.1+11-39, mixed mode, emulated-client, sharing, tiered, compressed oops, compressed class ptrs, g1 gc, linux-amd64)
Heap:
 garbage-first heap   total reserved 4075520K, committed 245760K, used 109481K [0x0000000707400000, 0x0000000800000000)
  region size 2048K, 25 young (51200K), 5 survivors (10240K)
 Metaspace       used 98513K, committed 99648K, reserved 1179648K
  class space    used 14969K, committed 15488K, reserved 1048576K
GC Heap History (20 events):
Event: 20.173 GC heap before
{Heap before GC invocations=34 (full 0):
 garbage-first heap   total reserved 4075520K, committed 278528K, used 197259K [0x0000000707400000, 0x0000000800000000)
  region size 2048K, 56 young (114688K), 1 survivors (2048K)
 Metaspace       used 78831K, committed 79616K, reserved 1179648K
  class space    used 11824K, committed 12160K, reserved 1048576K
}
Event: 20.179 GC heap after
{Heap after GC invocations=35 (full 0):
 garbage-first heap   total reserved 4075520K, committed 278528K, used 87907K [0x0000000707400000, 0x0000000800000000)
  region size 2048K, 3 young (6144K), 3 survivors (6144K)
 Metaspace       used 78831K, committed 79616K, reserved 1179648K
  class space    used 11824K, committed 12160K, reserved 1048576K
}
Event: 21.657 GC heap before
{Heap before GC invocations=35 (full 0):
 garbage-first heap   total reserved 4075520K, committed 278528K, used 212835K [0x0000000707400000, 0x0000000800000000)
  region size 2048K, 64 young (131072K), 3 survivors (6144K)
 Metaspace       used 83951K, committed 84864K, reserved 1179648K
  class space    used 12762K, committed 13184K, reserved 1048576K
}
Event: 21.665 GC heap after
{Heap after GC invocations=36 (full 0):
 garbage-first heap   total reserved 4075520K, committed 278528K, used 93511K [0x0000000707400000, 0x0000000800000000)
  region size 2048K, 6 young (12288K), 6 survivors (12288K)
 Metaspace       used 83951K, committed 84864K, reserved 1179648K
  class space    used 12762K, committed 13184K, reserved 1048576K
}
Event: 23.385 GC heap before
{Heap before GC invocations=36 (full 0):
 garbage-first heap   total reserved 4075520K, committed 278528K, used 218439K [0x0000000707400000, 0x0000000800000000)
  region size 2048K, 67 young (137216K), 6 survivors (12288K)
 Metaspace       used 88779K, committed 89792K, reserved 1179648K
  class space    used 13574K, committed 14016K, reserved 1048576K
}
Event: 23.399 GC heap after
{Heap after GC invocations=37 (full 0):
 garbage-first heap   total reserved 4075520K, committed 278528K, used 97967K [0x0000000707400000, 0x0000000800000000)
  region size 2048K, 7 young (14336K), 7 survivors (14336K)
 Metaspace       used 88779K, committed 89792K, reserved 1179648K
  class space    used 13574K, committed 14016K, reserved 1048576K
}
Event: 298.114 GC heap before
{Heap before GC invocations=37 (full 0):
 garbage-first heap   total reserved 4075520K, committed 278528K, used 224943K [0x0000000707400000, 0x0000000800000000)
  region size 2048K, 70 young (143360K), 7 survivors (14336K)
 Metaspace       used 96088K, committed 97344K, reserved 1179648K
  class space    used 14700K, committed 15232K, reserved 1048576K
}
Event: 298.127 GC heap after
{Heap after GC invocations=38 (full 0):
 garbage-first heap   total reserved 4075520K, committed 278528K, used 102130K [0x0000000707400000, 0x0000000800000000)
  region size 2048K, 5 young (10240K), 5 survivors (10240K)
 Metaspace       used 96088K, committed 97344K, reserved 1179648K
  class space    used 14700K, committed 15232K, reserved 1048576K
}
Event: 729.195 GC heap before
{Heap before GC invocations=38 (full 0):
 garbage-first heap   total reserved 4075520K, committed 278528K, used 229106K [0x0000000707400000, 0x0000000800000000)
  region size 2048K, 68 young (139264K), 5 survivors (10240K)
 Metaspace       used 96089K, committed 97344K, reserved 1179648K
  class space    used 14700K, committed 15232K, reserved 1048576K
}
Event: 729.206 GC heap after
{Heap after GC invocations=39 (full 0):
 garbage-first heap   total reserved 4075520K, committed 278528K, used 100794K [0x0000000707400000, 0x0000000800000000)
  region size 2048K, 5 young (10240K), 5 survivors (10240K)
 Metaspace       used 96089K, committed 97344K, reserved 1179648K
  class space    used 14700K, committed 15232K, reserved 1048576K
}
Event: 1202.497 GC heap before
{Heap before GC invocations=40 (full 0):
 garbage-first heap   total reserved 4075520K, committed 278528K, used 235962K [0x0000000707400000, 0x0000000800000000)
  region size 2048K, 72 young (147456K), 5 survivors (10240K)
 Metaspace       used 95659K, committed 97344K, reserved 1179648K
  class space    used 14581K, committed 15232K, reserved 1048576K
}
Event: 1202.505 GC heap after
{Heap after GC invocations=41 (full 0):
 garbage-first heap   total reserved 4075520K, committed 278528K, used 98031K [0x0000000707400000, 0x0000000800000000)
  region size 2048K, 4 young (8192K), 4 survivors (8192K)
 Metaspace       used 95659K, committed 97344K, reserved 1179648K
  class space    used 14581K, committed 15232K, reserved 1048576K
}
Event: 1619.555 GC heap before
{Heap before GC invocations=41 (full 0):
 garbage-first heap   total reserved 4075520K, committed 278528K, used 239343K [0x0000000707400000, 0x0000000800000000)
  region size 2048K, 73 young (149504K), 4 survivors (8192K)
 Metaspace       used 98264K, committed 99328K, reserved 1179648K
  class space    used 14908K, committed 15360K, reserved 1048576K
}
Event: 1619.562 GC heap after
{Heap after GC invocations=42 (full 0):
 garbage-first heap   total reserved 4075520K, committed 278528K, used 71346K [0x0000000707400000, 0x0000000800000000)
  region size 2048K, 4 young (8192K), 4 survivors (8192K)
 Metaspace       used 98264K, committed 99328K, reserved 1179648K
  class space    used 14908K, committed 15360K, reserved 1048576K
}
Event: 2086.905 GC heap before
{Heap before GC invocations=42 (full 0):
 garbage-first heap   total reserved 4075520K, committed 278528K, used 229042K [0x0000000707400000, 0x0000000800000000)
  region size 2048K, 81 young (165888K), 4 survivors (8192K)
 Metaspace       used 98375K, committed 99456K, reserved 1179648K
  class space    used 14934K, committed 15424K, reserved 1048576K
}
Event: 2086.910 GC heap after
{Heap after GC invocations=43 (full 0):
 garbage-first heap   total reserved 4075520K, committed 278528K, used 71293K [0x0000000707400000, 0x0000000800000000)
  region size 2048K, 5 young (10240K), 5 survivors (10240K)
 Metaspace       used 98375K, committed 99456K, reserved 1179648K
  class space    used 14934K, committed 15424K, reserved 1048576K
}
Event: 2629.251 GC heap before
{Heap before GC invocations=43 (full 0):
 garbage-first heap   total reserved 4075520K, committed 278528K, used 226941K [0x0000000707400000, 0x0000000800000000)
  region size 2048K, 81 young (165888K), 5 survivors (10240K)
 Metaspace       used 98384K, committed 99456K, reserved 1179648K
  class space    used 14936K, committed 15424K, reserved 1048576K
}
Event: 2629.257 GC heap after
{Heap after GC invocations=44 (full 0):
 garbage-first heap   total reserved 4075520K, committed 278528K, used 71152K [0x0000000707400000, 0x0000000800000000)
  region size 2048K, 5 young (10240K), 5 survivors (10240K)
 Metaspace       used 98384K, committed 99456K, reserved 1179648K
  class space    used 14936K, committed 15424K, reserved 1048576K
}
Event: 3119.507 GC heap before
{Heap before GC invocations=45 (full 0):
 garbage-first heap   total reserved 4075520K, committed 245760K, used 208368K [0x0000000707400000, 0x0000000800000000)
  region size 2048K, 72 young (147456K), 5 survivors (10240K)
 Metaspace       used 98384K, committed 99456K, reserved 1179648K
  class space    used 14936K, committed 15424K, reserved 1048576K
}
Event: 3119.513 GC heap after
{Heap after GC invocations=46 (full 0):
 garbage-first heap   total reserved 4075520K, committed 245760K, used 70569K [0x0000000707400000, 0x0000000800000000)
  region size 2048K, 5 young (10240K), 5 survivors (10240K)
 Metaspace       used 98384K, committed 99456K, reserved 1179648K
  class space    used 14936K, committed 15424K, reserved 1048576K
}

